<?xml version="1.0" encoding="UTF-8"?>
<!-- Generated by org.testng.reporters.JUnitReportReporter -->
<testsuite hostname="Sirilexa" failures="0" tests="1" name="com.facebook.tests.TCLoginPage001" time="0.248" errors="0" timestamp="2022-10-08T12:49:20 IST" skipped="0">
  <testcase classname="com.facebook.tests.TCLoginPage001" name="LoginPageValidation" time="0.248"/>
  <system-out/>
</testsuite> <!-- com.facebook.tests.TCLoginPage001 -->
